<?xml version="1.0" encoding="UTF-8"?>
<!-- Generated by org.testng.reporters.JUnitReportReporter -->
<testsuite skipped="0" hostname="DESKTOP-2S5GRH2" name="Tests.LoginPageTests" tests="1" failures="0" timestamp="27 Aug 2019 14:00:50 GMT" time="36.597" errors="0">
  <testcase name="verify_valid_login" time="36.597" classname="Tests.LoginPageTests"/>
</testsuite> <!-- Tests.LoginPageTests -->
