<?xml version="1.0" encoding="UTF-8"?>
<!-- Generated by org.testng.reporters.JUnitReportReporter -->
<testsuite skipped="0" hostname="DESKTOP-2S5GRH2" name="Tests.HomePageTests" tests="1" failures="0" timestamp="25 Aug 2019 14:08:14 GMT" time="81.395" errors="0">
  <testcase name="verify_current_url_Test" time="81.395" classname="Tests.HomePageTests"/>
</testsuite> <!-- Tests.HomePageTests -->
