<?xml version="1.0" encoding="UTF-8"?>
<!-- Generated by org.testng.reporters.JUnitReportReporter -->
<testsuite skipped="0" hostname="DESKTOP-2S5GRH2" name="Tests.LoginPageTests" tests="4" failures="0" timestamp="25 Aug 2019 02:46:41 GMT" time="74.195" errors="0">
  <testcase name="verify_Login_TC4" time="13.119" classname="Tests.LoginPageTests"/>
  <testcase name="verify_loginpage_title" time="16.375" classname="Tests.LoginPageTests"/>
  <testcase name="verify_valid_lgoin" time="24.069" classname="Tests.LoginPageTests"/>
  <testcase name="verify_Login_TC3" time="20.632" classname="Tests.LoginPageTests"/>
</testsuite> <!-- Tests.LoginPageTests -->
