<?xml version="1.0" encoding="UTF-8"?>
<!-- Generated by org.testng.reporters.JUnitReportReporter -->
<testsuite skipped="0" hostname="DESKTOP-2S5GRH2" name="Tests.HomePageTests" tests="4" failures="0" timestamp="25 Aug 2019 02:46:41 GMT" time="65.277" errors="0">
  <testcase name="verify_Home_TC3" time="14.175" classname="Tests.HomePageTests"/>
  <testcase name="verify_Home_TC4" time="13.239" classname="Tests.HomePageTests"/>
  <testcase name="verify_current_url_Test" time="18.541" classname="Tests.HomePageTests"/>
  <testcase name="verify_homePage_title_Test" time="19.322" classname="Tests.HomePageTests"/>
</testsuite> <!-- Tests.HomePageTests -->
